[2026-03-23 13:34:57,247: INFO: main: Welcome to our custom log]
[2026-03-23 13:40:06,437: INFO: main: Welcome to our custom log]
[2026-03-23 13:42:21,753: INFO: main: Welcome to our custom log]
[2026-03-24 00:59:26,084: INFO: common: yaml file: config\config.yaml loaded successfully]
[2026-03-24 01:11:53,696: INFO: common: yaml file: config\config.yaml loaded successfully]
[2026-03-24 01:11:53,714: INFO: common: yaml file: params.yaml loaded successfully]
[2026-03-24 01:12:27,161: INFO: common: yaml file: config\config.yaml loaded successfully]
[2026-03-24 01:12:27,164: INFO: common: yaml file: params.yaml loaded successfully]
[2026-03-24 01:28:35,951: INFO: common: yaml file: config\config.yaml loaded successfully]
[2026-03-24 01:28:35,960: INFO: common: yaml file: params.yaml loaded successfully]
[2026-03-24 01:51:16,933: INFO: common: yaml file: config\config.yaml loaded successfully]
[2026-03-24 01:51:16,938: INFO: common: yaml file: params.yaml loaded successfully]
[2026-03-24 01:54:12,695: INFO: common: yaml file: config\config.yaml loaded successfully]
[2026-03-24 01:54:12,695: INFO: common: yaml file: params.yaml loaded successfully]
[2026-03-24 01:54:12,711: INFO: 1610329425: Downloading data from https://drive.google.com/file/d/1oCJqEB8m1mLRwX8z1LbgQWi4QVUYiPIC/view?usp=drive_link into file artfacts/data_ingestion/data.zip]
[2026-03-24 02:58:36,244: INFO: common: yaml file: config\config.yaml loaded successfully]
[2026-03-24 02:58:36,263: INFO: common: yaml file: params.yaml loaded successfully]
[2026-03-24 02:58:36,277: INFO: common: created directory at:artfacts]
[2026-03-24 02:58:36,286: INFO: common: created directory at:artifacts/data_ingestion]
[2026-03-24 02:58:36,296: INFO: 685950355: Downloading data from https://drive.google.com/file/d/1oCJqEB8m1mLRwX8z1LbgQWi4QVUYiPIC/view?usp=sharing into file artfacts/data_ingestion/data.zip]
[2026-03-24 02:59:36,875: INFO: common: yaml file: config\config.yaml loaded successfully]
[2026-03-24 02:59:36,875: INFO: common: yaml file: params.yaml loaded successfully]
[2026-03-24 02:59:36,875: INFO: common: created directory at:artfacts]
[2026-03-24 02:59:36,883: INFO: common: created directory at:artifacts/data_ingestion]
[2026-03-24 02:59:36,892: INFO: 685950355: Downloading data from https://drive.google.com/file/d/1oCJqEB8m1mLRwX8z1LbgQWi4QVUYiPIC/view?usp=sharing into file artfacts/data_ingestion/data.zip]
[2026-03-24 03:12:25,301: INFO: common: yaml file: config\config.yaml loaded successfully]
[2026-03-24 03:12:25,305: INFO: common: yaml file: params.yaml loaded successfully]
[2026-03-24 03:12:25,311: INFO: common: created directory at:artfacts]
[2026-03-24 03:12:25,311: INFO: common: created directory at:artifacts/data_ingestion]
[2026-03-24 03:12:25,311: INFO: 685950355: Downloading data from https://drive.google.com/file/d/1oCJqEB8m1mLRwX8z1LbgQWi4QVUYiPIC/view?usp=sharing into file artifacts/data_ingestion/data.zip]
[2026-03-24 11:28:26,221: INFO: common: yaml file: config\config.yaml loaded successfully]
[2026-03-24 11:28:26,236: INFO: common: yaml file: params.yaml loaded successfully]
[2026-03-24 11:28:26,242: INFO: common: created directory at:artfacts]
[2026-03-24 11:28:26,244: INFO: common: created directory at:artifacts/data_ingestion]
[2026-03-24 11:28:26,257: INFO: 685950355: Downloading data from https://drive.google.com/file/d/1oCJqEB8m1mLRwX8z1LbgQWi4QVUYiPIC/view?usp=sharing into file artifacts/data_ingestion/data.zip]
[2026-03-24 12:13:26,410: INFO: common: yaml file: config\config.yaml loaded successfully]
[2026-03-24 12:13:26,416: INFO: common: yaml file: params.yaml loaded successfully]
[2026-03-24 12:13:26,420: INFO: common: created directory at:artfacts]
[2026-03-24 12:13:26,424: INFO: common: created directory at:artifacts/data_ingestion]
[2026-03-24 12:13:26,428: INFO: 685950355: Downloading data from https://drive.google.com/file/d/1oCJqEB8m1mLRwX8z1LbgQWi4QVUYiPIC/view?usp=sharing into file artifacts/data_ingestion/data.zip]
[2026-03-24 12:14:00,908: INFO: common: yaml file: config\config.yaml loaded successfully]
[2026-03-24 12:14:00,912: INFO: common: yaml file: params.yaml loaded successfully]
[2026-03-24 12:14:00,921: INFO: common: created directory at:artfacts]
[2026-03-24 12:14:00,925: INFO: common: created directory at:artifacts/data_ingestion]
[2026-03-24 12:14:00,933: INFO: 685950355: Downloading data from https://drive.google.com/file/d/1oCJqEB8m1mLRwX8z1LbgQWi4QVUYiPIC/view?usp=sharing into file artifacts/data_ingestion/data.zip]
[2026-03-24 12:14:20,895: INFO: common: yaml file: config\config.yaml loaded successfully]
[2026-03-24 12:14:20,900: INFO: common: yaml file: params.yaml loaded successfully]
[2026-03-24 12:14:20,911: INFO: common: created directory at:artfacts]
[2026-03-24 12:14:20,919: INFO: common: created directory at:artifacts/data_ingestion]
[2026-03-24 12:14:20,920: INFO: 685950355: Downloading data from https://drive.google.com/file/d/1oCJqEB8m1mLRwX8z1LbgQWi4QVUYiPIC/view?usp=sharing into file artifacts/data_ingestion/data.zip]
[2026-03-24 12:14:28,599: INFO: common: yaml file: config\config.yaml loaded successfully]
[2026-03-24 12:14:28,605: INFO: common: yaml file: params.yaml loaded successfully]
[2026-03-24 12:14:28,613: INFO: common: created directory at:artfacts]
[2026-03-24 12:14:28,622: INFO: common: created directory at:artifacts/data_ingestion]
[2026-03-24 12:14:28,629: INFO: 685950355: Downloading data from https://drive.google.com/file/d/1oCJqEB8m1mLRwX8z1LbgQWi4QVUYiPIC/view?usp=sharing into file artifacts/data_ingestion/data.zip]
[2026-03-24 19:22:19,817: INFO: common: yaml file: config\config.yaml loaded successfully]
[2026-03-24 19:22:19,841: INFO: common: yaml file: params.yaml loaded successfully]
[2026-03-24 19:22:19,858: INFO: common: created directory at:artfacts]
[2026-03-24 19:22:19,872: INFO: common: created directory at:artifacts/data_ingestion]
[2026-03-24 19:26:05,161: INFO: common: yaml file: config\config.yaml loaded successfully]
[2026-03-24 19:26:05,167: INFO: common: yaml file: params.yaml loaded successfully]
[2026-03-24 19:26:05,174: INFO: common: created directory at:artfacts]
[2026-03-24 19:26:05,174: INFO: common: created directory at:artifacts/data_ingestion]
[2026-03-25 00:46:39,376: INFO: common: yaml file: config\config.yaml loaded successfully]
[2026-03-25 00:46:39,386: INFO: common: yaml file: params.yaml loaded successfully]
[2026-03-25 00:46:39,393: INFO: common: created directory at:artfacts]
[2026-03-25 00:46:39,401: INFO: common: created directory at:artifacts/data_ingestion]
[2026-03-25 00:47:49,991: INFO: common: yaml file: config\config.yaml loaded successfully]
[2026-03-25 00:47:49,999: INFO: common: yaml file: params.yaml loaded successfully]
[2026-03-25 00:47:50,007: INFO: common: created directory at:artfacts]
[2026-03-25 00:47:50,011: INFO: common: created directory at:artifacts/data_ingestion]
[2026-03-25 00:48:10,326: INFO: common: yaml file: config\config.yaml loaded successfully]
[2026-03-25 00:48:10,335: INFO: common: yaml file: params.yaml loaded successfully]
[2026-03-25 00:48:10,341: INFO: common: created directory at:artfacts]
[2026-03-25 00:48:10,343: INFO: common: created directory at:artifacts/data_ingestion]
[2026-03-25 00:58:04,345: INFO: common: yaml file: config\config.yaml loaded successfully]
[2026-03-25 00:58:04,359: INFO: common: yaml file: params.yaml loaded successfully]
[2026-03-25 00:58:04,382: INFO: common: created directory at:artfacts]
[2026-03-25 00:58:04,391: INFO: common: created directory at:artifacts/data_ingestion]
[2026-03-25 00:59:35,353: INFO: common: yaml file: config\config.yaml loaded successfully]
[2026-03-25 00:59:35,363: INFO: common: yaml file: params.yaml loaded successfully]
[2026-03-25 00:59:35,363: INFO: common: created directory at:artfacts]
[2026-03-25 00:59:35,376: INFO: common: created directory at:artifacts/data_ingestion]
[2026-03-25 01:08:26,678: INFO: common: yaml file: config\config.yaml loaded successfully]
[2026-03-25 01:08:26,679: INFO: common: yaml file: params.yaml loaded successfully]
[2026-03-25 01:08:26,679: INFO: common: created directory at:artfacts]
[2026-03-25 01:08:26,693: INFO: common: created directory at:artifacts/data_ingestion]
[2026-03-25 02:15:07,631: INFO: main: >>>>>> stage Data Ingestion stage started <<<<<<]
[2026-03-25 02:15:07,631: INFO: common: yaml file: config\config.yaml loaded successfully]
[2026-03-25 02:15:07,631: INFO: common: yaml file: params.yaml loaded successfully]
[2026-03-25 02:15:07,631: INFO: common: created directory at:artfacts]
[2026-03-25 02:15:07,631: INFO: common: created directory at:artifacts/data_ingestion]
[2026-03-25 02:16:42,841: INFO: main: >>>>>> stage Data Ingestion stage completed <<<<<<

x=========X]
[2026-03-25 02:31:57,857: INFO: main: >>>>>> stage Data Ingestion stage started <<<<<<]
[2026-03-25 02:31:57,857: INFO: common: yaml file: config\config.yaml loaded successfully]
[2026-03-25 02:31:57,857: INFO: common: yaml file: params.yaml loaded successfully]
[2026-03-25 02:31:57,857: INFO: common: created directory at:artifacts]
[2026-03-25 02:31:57,873: INFO: common: created directory at:artifacts/data_ingestion]
[2026-03-25 02:33:20,221: INFO: main: >>>>>> stage Data Ingestion stage completed <<<<<<

x=========X]
[2026-03-27 00:52:49,853: INFO: common: yaml file: config\config.yaml loaded successfully]
[2026-03-27 00:52:49,877: INFO: common: yaml file: params.yaml loaded successfully]
[2026-03-27 00:52:49,894: INFO: common: created directory at:artifacts]
[2026-03-27 00:52:49,894: INFO: common: created directory at:artifacts/prepare_base_model]
[2026-03-27 00:56:11,233: WARNING: saving_utils: Compiled the loaded model, but the compiled metrics have yet to be built. `model.compile_metrics` will be empty until you train or evaluate the model.]
[2026-03-27 00:59:00,260: INFO: common: yaml file: config\config.yaml loaded successfully]
[2026-03-27 00:59:00,264: INFO: common: yaml file: params.yaml loaded successfully]
[2026-03-27 00:59:00,283: INFO: common: created directory at:artifacts]
[2026-03-27 00:59:00,285: INFO: common: created directory at:artifacts/prepare_base_model]
[2026-03-27 00:59:01,288: WARNING: saving_utils: Compiled the loaded model, but the compiled metrics have yet to be built. `model.compile_metrics` will be empty until you train or evaluate the model.]
[2026-03-27 17:14:09,113: INFO: common: yaml file: config\config.yaml loaded successfully]
[2026-03-27 17:14:09,142: INFO: common: yaml file: params.yaml loaded successfully]
[2026-03-27 17:14:09,154: INFO: common: created directory at:artifacts]
[2026-03-27 17:14:09,164: INFO: common: created directory at:artifacts\training]
[2026-03-27 17:16:23,417: INFO: common: yaml file: config\config.yaml loaded successfully]
[2026-03-27 17:16:23,427: INFO: common: yaml file: params.yaml loaded successfully]
[2026-03-27 17:16:23,427: INFO: common: created directory at:artifacts]
[2026-03-27 17:16:23,434: INFO: common: created directory at:artifacts\training]
[2026-03-27 17:19:13,018: INFO: common: yaml file: config\config.yaml loaded successfully]
[2026-03-27 17:19:13,025: INFO: common: yaml file: params.yaml loaded successfully]
[2026-03-27 17:19:13,028: INFO: common: created directory at:artifacts]
[2026-03-27 17:19:13,037: INFO: common: created directory at:artifacts\training]
[2026-03-27 17:21:33,659: INFO: common: yaml file: config\config.yaml loaded successfully]
[2026-03-27 17:21:33,677: INFO: common: yaml file: params.yaml loaded successfully]
[2026-03-27 17:21:33,683: INFO: common: created directory at:artifacts]
[2026-03-27 17:21:33,687: INFO: common: created directory at:artifacts\training]
[2026-03-27 17:25:43,562: INFO: common: yaml file: config\config.yaml loaded successfully]
[2026-03-27 17:25:43,562: INFO: common: yaml file: params.yaml loaded successfully]
[2026-03-27 17:25:43,570: INFO: common: created directory at:artifacts]
[2026-03-27 17:25:43,578: INFO: common: created directory at:artifacts\training]
[2026-03-27 17:33:36,702: INFO: common: yaml file: config\config.yaml loaded successfully]
[2026-03-27 17:33:36,709: INFO: common: yaml file: params.yaml loaded successfully]
[2026-03-27 17:33:36,709: INFO: common: created directory at:artifacts]
[2026-03-27 17:33:36,709: INFO: common: created directory at:artifacts\training]
[2026-03-27 22:00:36,950: INFO: common: yaml file: config\config.yaml loaded successfully]
[2026-03-27 22:00:36,966: INFO: common: yaml file: params.yaml loaded successfully]
[2026-03-27 22:00:36,975: INFO: common: created directory at:artifacts]
[2026-03-27 22:00:36,980: INFO: common: created directory at:artifacts/prepare_base_model]
[2026-03-27 22:00:38,496: WARNING: saving_utils: Compiled the loaded model, but the compiled metrics have yet to be built. `model.compile_metrics` will be empty until you train or evaluate the model.]
[2026-03-27 22:01:21,897: INFO: common: yaml file: config\config.yaml loaded successfully]
[2026-03-27 22:01:21,907: INFO: common: yaml file: params.yaml loaded successfully]
[2026-03-27 22:01:21,915: INFO: common: created directory at:artifacts]
[2026-03-27 22:01:21,919: INFO: common: created directory at:artifacts/prepare_base_model]
[2026-03-27 22:01:22,766: WARNING: saving_utils: Compiled the loaded model, but the compiled metrics have yet to be built. `model.compile_metrics` will be empty until you train or evaluate the model.]
[2026-03-27 22:30:00,112: INFO: common: yaml file: config\config.yaml loaded successfully]
[2026-03-27 22:30:00,137: INFO: common: yaml file: params.yaml loaded successfully]
[2026-03-27 22:30:00,149: INFO: common: created directory at:artifacts]
[2026-03-27 22:30:00,167: INFO: common: created directory at:artifacts\training]
[2026-03-27 22:39:43,095: INFO: common: yaml file: config\config.yaml loaded successfully]
[2026-03-27 22:39:43,102: INFO: common: yaml file: params.yaml loaded successfully]
[2026-03-27 22:39:43,103: INFO: common: created directory at:artifacts]
[2026-03-27 22:39:43,112: INFO: common: created directory at:artifacts\training]
[2026-03-28 12:54:30,919: INFO: main: >>>>>> stage Data Ingestion stage started <<<<<<]
[2026-03-28 12:54:30,927: INFO: common: yaml file: config\config.yaml loaded successfully]
[2026-03-28 12:54:30,927: INFO: common: yaml file: params.yaml loaded successfully]
[2026-03-28 12:54:30,940: INFO: common: created directory at:artifacts]
[2026-03-28 12:54:30,944: INFO: common: created directory at:artifacts/data_ingestion]
[2026-03-28 12:54:31,034: ERROR: main: [Errno 13] Permission denied: 'artifacts\\data_ingestion\\aptos2019dataset\\test.csv']
Traceback (most recent call last):
  File "C:\Users\MANJU\OneDrive\Desktop\MajorProjectResearchPaper\EndToEndMajorProject\main.py", line 11, in <module>
    data_ingestion.main()
  File "C:\Users\MANJU\OneDrive\Desktop\MajorProjectResearchPaper\EndToEndMajorProject\src\cnnClassifier\pipeline\stage_01_data_ingestion.py", line 16, in main
    data_ingestion.extract_zip_file()
  File "C:\Users\MANJU\OneDrive\Desktop\MajorProjectResearchPaper\EndToEndMajorProject\src\cnnClassifier\components\data_ingestion.py", line 41, in extract_zip_file
    zip_ref.extractall(unzip_path)
  File "C:\Users\MANJU\Anaconda3\envs\diabetic_retinopathy\lib\zipfile.py", line 1673, in extractall
    self._extract_member(zipinfo, path, pwd)
  File "C:\Users\MANJU\Anaconda3\envs\diabetic_retinopathy\lib\zipfile.py", line 1727, in _extract_member
    open(targetpath, "wb") as target:
PermissionError: [Errno 13] Permission denied: 'artifacts\\data_ingestion\\aptos2019dataset\\test.csv'
[2026-03-28 12:59:13,888: INFO: main: >>>>>> stage Data Ingestion stage started <<<<<<]
[2026-03-28 12:59:13,888: INFO: common: yaml file: config\config.yaml loaded successfully]
[2026-03-28 12:59:13,902: INFO: common: yaml file: params.yaml loaded successfully]
[2026-03-28 12:59:13,909: INFO: common: created directory at:artifacts]
[2026-03-28 12:59:13,910: INFO: common: created directory at:artifacts/data_ingestion]
[2026-03-28 13:00:38,390: INFO: main: >>>>>> stage Data Ingestion stage completed <<<<<<

x=========X]
[2026-03-28 13:00:38,390: INFO: main: *******************]
[2026-03-28 13:00:38,390: INFO: main: >>>>>> stage Prepare base model started <<<<<<]
[2026-03-28 13:00:38,423: INFO: common: yaml file: config\config.yaml loaded successfully]
[2026-03-28 13:00:38,431: INFO: common: yaml file: params.yaml loaded successfully]
[2026-03-28 13:00:38,431: INFO: common: created directory at:artifacts]
[2026-03-28 13:00:38,449: INFO: common: created directory at:artifacts/prepare_base_model]
[2026-03-28 13:00:40,523: WARNING: saving_utils: Compiled the loaded model, but the compiled metrics have yet to be built. `model.compile_metrics` will be empty until you train or evaluate the model.]
[2026-03-28 13:00:41,949: INFO: main: >>>>>> stage Prepare base model completed <<<<<<

x=========X]
[2026-03-28 13:00:41,955: INFO: main: *******************]
[2026-03-28 13:00:41,955: INFO: main: >>>>>> stage Training started <<<<<<]
[2026-03-28 13:00:41,957: INFO: common: yaml file: config\config.yaml loaded successfully]
[2026-03-28 13:00:41,968: INFO: common: yaml file: params.yaml loaded successfully]
[2026-03-28 13:00:41,968: INFO: common: created directory at:artifacts]
[2026-03-28 13:00:41,973: INFO: common: created directory at:artifacts\training]
[2026-03-28 13:15:12,473: INFO: main: >>>>>> stage Training completed <<<<<<

x=========X]
[2026-03-31 14:07:54,621: INFO: common: yaml file: config\config.yaml loaded successfully]
[2026-03-31 14:07:54,703: INFO: common: yaml file: params.yaml loaded successfully]
[2026-03-31 14:07:54,717: INFO: common: created directory at:artifacts]
[2026-04-01 02:00:40,615: INFO: common: yaml file: config\config.yaml loaded successfully]
[2026-04-01 02:00:40,629: INFO: common: yaml file: params.yaml loaded successfully]
[2026-04-01 02:00:40,633: INFO: common: created directory at:artifacts]
[2026-04-01 02:00:44,221: WARNING: module_wrapper: From c:\Users\MANJU\Anaconda3\envs\diabetic_retinopathy\lib\site-packages\keras\src\utils\tf_utils.py:492: The name tf.ragged.RaggedTensorValue is deprecated. Please use tf.compat.v1.ragged.RaggedTensorValue instead.
]
[2026-04-01 02:07:43,135: INFO: common: yaml file: config\config.yaml loaded successfully]
[2026-04-01 02:07:43,151: INFO: common: yaml file: params.yaml loaded successfully]
[2026-04-01 02:07:43,151: INFO: common: created directory at:artifacts]
[2026-04-01 02:24:23,974: INFO: common: yaml file: config\config.yaml loaded successfully]
[2026-04-01 02:24:23,982: INFO: common: yaml file: params.yaml loaded successfully]
[2026-04-01 02:24:23,987: INFO: common: created directory at:artifacts]
[2026-04-01 02:29:42,992: INFO: common: json file saved at: scores.json]
[2026-04-01 02:30:01,389: INFO: builder_impl: Assets written to: C:\Users\MANJU\AppData\Local\Temp\tmpa2fimqti\model\data\model\assets]
